<?xml version="1.0" encoding="UTF-8"?>
<testng-results total="1" passed="1" failed="0" skipped="0">
  <reporter-output>
  </reporter-output>
  <suite started-at="2019-10-09T17:48:23Z" name="Default suite" finished-at="2019-10-09T17:48:26Z" duration-ms="2979">
    <groups>
    </groups>
    <test started-at="2019-10-09T17:48:23Z" name="Default test" finished-at="2019-10-09T17:48:26Z" duration-ms="2979">
      <class name="general_Package.TestScript4">
        <test-method signature="f()[pri:0, instance:general_Package.TestScript4@8c3b9d]" started-at="2019-10-09T19:48:23Z" name="f" finished-at="2019-10-09T19:48:26Z" duration-ms="2959" status="PASS">
          <reporter-output>
          </reporter-output>
        </test-method> <!-- f -->
      </class> <!-- general_Package.TestScript4 -->
    </test> <!-- Default test -->
  </suite> <!-- Default suite -->
</testng-results>
